2024/09/12 09:23:04 [emerg] 5524#13544: CreateDirectory() "C:/nginx/cache" failed (3: The system cannot find the path specified)
2024/09/12 09:23:06 [emerg] 5292#21136: CreateDirectory() "C:/nginx/cache" failed (3: The system cannot find the path specified)
2024/09/12 09:24:42 [notice] 2432#6592: signal process started
2024/09/12 09:24:42 [error] 2432#6592: CreateFile() "C:\Users\geeky\Downloads\Compressed\tell-weather-main\server\nginx-1.26.2/logs/nginx.pid" failed (2: The system cannot find the file specified)
2024/09/12 09:24:46 [emerg] 21196#10128: CreateDirectory() "C:/nginx/cache" failed (3: The system cannot find the path specified)
2024/09/12 09:24:48 [notice] 16168#5360: signal process started
2024/09/12 09:24:48 [error] 16168#5360: CreateFile() "C:\Users\geeky\Downloads\Compressed\tell-weather-main\server\nginx-1.26.2/logs/nginx.pid" failed (2: The system cannot find the file specified)
2024/09/12 09:26:22 [notice] 18260#20256: signal process started
2024/09/12 09:26:22 [error] 18260#20256: CreateFile() "C:\Users\geeky\Downloads\Compressed\tell-weather-main\server\nginx-1.26.2/logs/nginx.pid" failed (2: The system cannot find the file specified)
2024/09/12 09:26:26 [notice] 9752#16360: signal process started
2024/09/12 09:26:26 [error] 9752#16360: CreateFile() "C:\Users\geeky\Downloads\Compressed\tell-weather-main\server\nginx-1.26.2/logs/nginx.pid" failed (2: The system cannot find the file specified)
2024/09/12 09:26:39 [notice] 21472#21496: signal process started
2024/09/12 09:26:39 [error] 21472#21496: CreateFile() "C:\Users\geeky\Downloads\Compressed\tell-weather-main\server\nginx-1.26.2/logs/nginx.pid" failed (2: The system cannot find the file specified)
2024/09/12 09:26:47 [notice] 17168#8216: signal process started
2024/09/12 09:26:47 [error] 17168#8216: CreateFile() "C:\Users\geeky\Downloads\Compressed\tell-weather-main\server\nginx-1.26.2/logs/nginx.pid" failed (2: The system cannot find the file specified)
2024/09/12 09:27:52 [notice] 10520#14008: signal process started
2024/09/12 09:27:52 [error] 10520#14008: CreateFile() "C:\Users\geeky\Downloads\Compressed\tell-weather-main\server\nginx-1.26.2/logs/nginx.pid" failed (2: The system cannot find the file specified)
2024/09/12 09:27:55 [notice] 7608#3440: signal process started
2024/09/12 09:27:55 [error] 7608#3440: CreateFile() "C:\Users\geeky\Downloads\Compressed\tell-weather-main\server\nginx-1.26.2/logs/nginx.pid" failed (2: The system cannot find the file specified)
2024/09/12 09:28:14 [emerg] 3028#12740: CreateDirectory() "C:/nginx/cache" failed (3: The system cannot find the path specified)
2024/09/12 09:31:13 [emerg] 13236#9508: "proxy_cache" zone "static_cache" is unknown in C:\Users\geeky\Downloads\Compressed\tell-weather-main\server\nginx-1.26.2/conf/nginx.conf:29
2024/09/12 09:31:15 [emerg] 13644#20708: "proxy_cache" zone "static_cache" is unknown in C:\Users\geeky\Downloads\Compressed\tell-weather-main\server\nginx-1.26.2/conf/nginx.conf:29
2024/09/12 09:31:29 [emerg] 21144#4048: "proxy_cache" zone "static_cache" is unknown in C:\Users\geeky\Downloads\Compressed\tell-weather-main\server\nginx-1.26.2/conf/nginx.conf:29
2024/09/12 09:32:07 [emerg] 7944#10996: "proxy_cache" zone "static_cache" is unknown in C:\Users\geeky\Downloads\Compressed\tell-weather-main\server\nginx-1.26.2/conf/nginx.conf:29
2024/09/12 09:32:52 [warn] 18888#16068: "user" is not supported, ignored in C:\Users\geeky\Downloads\Compressed\tell-weather-main\server\nginx-1.26.2/conf/nginx.conf:1
2024/09/12 09:32:52 [notice] 18888#16068: signal process started
2024/09/12 09:33:00 [notice] 8540#16876: signal process started
2024/09/12 09:33:00 [error] 8540#16876: CreateFile() "C:\Users\geeky\Downloads\Compressed\tell-weather-main\server\nginx-1.26.2/logs/nginx.pid" failed (2: The system cannot find the file specified)
2024/09/12 09:33:38 [notice] 8180#1028: signal process started
2024/09/12 09:33:38 [alert] 18280#7744: CloseHandle(00000258) failed (6: The handle is invalid)
2024/09/12 09:40:04 [emerg] 3036#13544: CreateDirectory() "C:/nginx/cache" failed (3: The system cannot find the path specified)
2024/09/12 09:40:11 [emerg] 7608#20116: CreateDirectory() "C:/nginx/cache" failed (3: The system cannot find the path specified)
2024/09/12 09:41:18 [emerg] 16768#6948: CreateDirectory() "C:/nginx/cache" failed (3: The system cannot find the path specified)
2024/09/12 09:41:22 [emerg] 21124#18068: CreateDirectory() "C:/nginx/cache" failed (3: The system cannot find the path specified)
2024/09/12 09:41:36 [notice] 17872#17660: signal process started
2024/09/12 09:41:36 [error] 17872#17660: OpenEvent("Global\ngx_stop_4952") failed (2: The system cannot find the file specified)
2024/09/12 09:41:46 [emerg] 15088#4108: CreateDirectory() "C:/nginx/cache" failed (3: The system cannot find the path specified)
2024/09/12 09:42:52 [emerg] 20764#4664: CreateDirectory() "./nginx/cache" failed (3: The system cannot find the path specified)
2024/09/12 09:43:03 [emerg] 16856#11460: CreateDirectory() "./nginx/cache" failed (3: The system cannot find the path specified)
2024/09/12 09:43:09 [emerg] 868#12896: CreateDirectory() "./nginx/cache" failed (3: The system cannot find the path specified)
2024/09/12 14:17:37 [alert] 20160#6180: worker process 26112 exited with code C0000142
2024/09/12 14:17:37 [alert] 20160#6180: could not respawn worker
2024/09/12 14:17:38 [alert] 20160#6180: worker process 17900 exited with code C0000142
2024/09/12 14:17:38 [alert] 20160#6180: could not respawn worker
2024/09/12 14:17:38 [alert] 20160#6180: worker process 22460 exited with code C0000142
2024/09/12 14:17:38 [alert] 20160#6180: could not respawn worker
2024/09/12 14:17:38 [alert] 20160#6180: worker process 6100 exited with code C0000142
2024/09/12 14:17:38 [alert] 20160#6180: could not respawn worker
2024/09/12 14:17:39 [alert] 20160#6180: worker process 21876 exited with code C0000142
2024/09/12 14:17:39 [alert] 20160#6180: could not respawn worker
2024/09/12 14:17:44 [alert] 20160#6180: the event "ngx_master_20160" was not signaled for 5s
2024/09/12 14:17:44 [alert] 20160#6180: could not respawn worker
